<?xml version="1.0" encoding="UTF-8"?>
<testsuite xmlns:xsi="http://www.w3.org/2001/XMLSchema-instance" xsi:noNamespaceSchemaLocation="https://maven.apache.org/surefire/maven-surefire-plugin/xsd/surefire-test-report-3.0.xsd" version="3.0" name="com.p2p.service.LoanServiceTest" time="0.404" tests="4" errors="0" skipped="0" failures="0">
  <properties>
[...]
</properties>
  <testcase name="shouldRejectLoanWhenCreditScoreLow" classname="com.p2p.service.LoanServiceTest" time="0.043">
    <system-out><![CDATA[21:27:34.305 [main] INFO  com.p2p.service.LoanServiceTest - Menjalankan TC-04: shouldRejectLoanWhenCreditScoreLow
21:27:34.322 [main] INFO  com.p2p.service.LoanService - Mulai memproses pengajuan loan sebesar: 1000
21:27:34.324 [main] WARN  com.p2p.service.LoanService - Status Loan: REJECTED. Peringatan: Skor kredit di bawah standar!
]]></system-out>
  </testcase>
  <testcase name="shouldApproveLoanWhenCreditScoreHigh" classname="com.p2p.service.LoanServiceTest" time="0.002">
    <system-out><![CDATA[21:27:34.337 [main] INFO  com.p2p.service.LoanServiceTest - Menjalankan TC-03: shouldApproveLoanWhenCreditScoreHigh
21:27:34.337 [main] INFO  com.p2p.service.LoanService - Mulai memproses pengajuan loan sebesar: 1000
21:27:34.337 [main] INFO  com.p2p.service.LoanService - Status Loan: APPROVED. Skor kredit memadai.
]]></system-out>
  </testcase>
  <testcase name="shouldRejectLoanWhenAmountIsZeroOrNegative" classname="com.p2p.service.LoanServiceTest" time="0.004">
    <system-out><![CDATA[21:27:34.340 [main] INFO  com.p2p.service.LoanServiceTest - Menjalankan TC-02: shouldRejectLoanWhenAmountIsZeroOrNegative
21:27:34.341 [main] INFO  com.p2p.service.LoanService - Mulai memproses pengajuan loan sebesar: 0
21:27:34.341 [main] ERROR com.p2p.service.LoanService - Terjadi ERROR Validasi: Loan amount must be greater than zero
21:27:34.341 [main] INFO  com.p2p.service.LoanService - Mulai memproses pengajuan loan sebesar: -100
21:27:34.341 [main] ERROR com.p2p.service.LoanService - Terjadi ERROR Validasi: Loan amount must be greater than zero
]]></system-out>
  </testcase>
  <testcase name="shouldRejectLoanWhenBorrowerNotVerified" classname="com.p2p.service.LoanServiceTest" time="0.002">
    <system-out><![CDATA[21:27:34.344 [main] INFO  com.p2p.service.LoanServiceTest - Menjalankan TC-01: shouldRejectLoanWhenBorrowerNotVerified
21:27:34.344 [main] INFO  com.p2p.service.LoanService - Mulai memproses pengajuan loan sebesar: 1000
21:27:34.344 [main] ERROR com.p2p.service.LoanService - Terjadi ERROR Validasi: Borrower not verified
]]></system-out>
  </testcase>
</testsuite>